[2016-09-22 10:34:46] START
[2018-10-26 11:32:01] CREATE default/reply/html.html: 0
[2018-10-26 11:32:16] DELETE HW2/views/default/reply/html.html: -3
[2018-10-26 11:32:28] CREATE default/reply.html: 0
[2018-10-26 11:33:24] EDIT HW2/views/default/reply.html: 3
[2018-10-26 11:36:11] CREATE default/add_reply.html: 0
[2018-10-26 11:37:55] EDIT HW2/views/default/add_reply.html: 3
[2018-10-26 13:39:48] EDIT HW2/views/default/add.html: 3
[2018-10-26 13:40:20] EDIT HW2/views/default/add.html: -3
[2018-10-26 13:40:22] EDIT HW2/views/default/add.html: 0
[2018-10-26 13:46:40] EDIT HW2/views/default/add_reply.html: 0
[2018-10-26 13:57:36] EDIT HW2/views/default/add_reply.html: 0
[2018-10-26 13:57:47] EDIT HW2/views/default/add_reply.html: 0
[2018-10-26 14:01:42] DELETE HW2/views/default/add_reply.html.1: -6
[2018-10-26 14:01:58] DELETE HW2/views/default/reply.html: -6
[2018-10-26 14:03:22] EDIT HW2/views/default/add_reply.html: 0
[2018-10-26 14:06:22] EDIT HW2/views/default/index.html: 0
[2018-10-26 14:08:27] EDIT HW2/views/default/index.html: 0
[2018-10-26 14:08:44] EDIT HW2/views/default/index.html: 0
[2018-10-26 14:09:17] EDIT HW2/views/default/index.html: 0
[2018-10-26 14:09:32] EDIT HW2/views/default/index.html: 0
[2018-10-26 14:09:37] EDIT HW2/views/default/index.html: 0
[2018-10-26 14:10:01] EDIT HW2/views/default/index.html: 0
[2018-10-26 14:10:22] EDIT HW2/views/default/index.html: 0
[2018-10-26 14:36:54] EDIT HW2/views/default/add_reply.html: -2
[2018-10-26 14:37:58] EDIT HW2/views/default/add_reply.html: 2
[2018-10-26 14:39:51] EDIT HW2/controllers/default.py: 6
[2018-10-26 14:40:13] EDIT HW2/controllers/default.py: 0
[2018-10-26 14:40:23] EDIT HW2/controllers/default.py: 0
[2018-10-26 14:43:16] EDIT HW2/views/default/index.html: 0
[2018-10-26 14:43:49] EDIT HW2/views/default/index.html: 0
[2018-10-26 14:44:14] EDIT HW2/views/default/index.html: 0
[2018-10-26 14:44:34] EDIT HW2/views/default/index.html: 0
[2018-10-26 14:44:38] EDIT HW2/views/default/index.html: 0
[2018-10-26 14:45:45] EDIT HW2/views/default/index.html: 0
[2018-10-26 14:46:48] CREATE default/reply.html: 0
[2018-10-26 14:47:44] EDIT HW2/views/default/index.html: 0
[2018-10-26 14:47:51] EDIT HW2/views/default/index.html: 0
[2018-10-26 14:47:55] EDIT HW2/views/default/index.html: 0
[2018-10-26 14:48:41] EDIT HW2/views/default/index.html: 0
[2018-10-26 14:48:54] EDIT HW2/views/default/index.html: 0
[2018-10-26 14:49:56] EDIT HW2/views/default/reply.html: 1
[2018-10-26 14:50:19] EDIT HW2/views/default/reply.html: 2
[2018-10-26 14:50:28] EDIT HW2/views/default/reply.html: 0
[2018-10-26 14:56:54] EDIT HW2/controllers/default.py: 0
[2018-10-26 14:58:58] EDIT HW2/controllers/default.py: 0
[2018-10-26 14:59:04] EDIT HW2/controllers/default.py: 0
[2018-10-26 15:10:48] EDIT HW2/controllers/default.py: -1
[2018-10-26 15:11:03] EDIT HW2/controllers/default.py: 0
[2018-10-26 15:11:05] EDIT HW2/controllers/default.py: 0
[2018-10-26 15:11:32] EDIT HW2/controllers/default.py: 0
